Line 32: Class MediaPlayerCtl.MediaPlayer of control LMP was not a loaded control class.
Line 38: The property name AudioStream in LMP is invalid.
Line 40: The property name AutoStart in LMP is invalid.
Line 41: The property name AnimationAtStart in LMP is invalid.
Line 42: The property name AllowScan in LMP is invalid.
Line 43: The property name AllowChangeDisplaySize in LMP is invalid.
Line 44: The property name AutoRewind in LMP is invalid.
Line 45: The property name Balance in LMP is invalid.
Line 46: The property name BaseURL in LMP is invalid.
Line 47: The property name BufferingTime in LMP is invalid.
Line 48: The property name CaptioningID in LMP is invalid.
Line 49: The property name ClickToPlay in LMP is invalid.
Line 50: The property name CursorType in LMP is invalid.
Line 51: The property name CurrentPosition in LMP is invalid.
Line 52: The property name CurrentMarker in LMP is invalid.
Line 53: The property name DefaultFrame in LMP is invalid.
Line 54: The property name DisplayBackColor in LMP is invalid.
Line 55: The property name DisplayForeColor in LMP is invalid.
Line 56: The property name DisplayMode in LMP is invalid.
Line 57: The property name DisplaySize in LMP is invalid.
Line 59: The property name EnableContextMenu in LMP is invalid.
Line 60: The property name EnablePositionControls in LMP is invalid.
Line 61: The property name EnableFullScreenControls in LMP is invalid.
Line 62: The property name EnableTracker in LMP is invalid.
Line 63: The property name Filename in LMP is invalid.
Line 64: The property name InvokeURLs in LMP is invalid.
Line 65: The property name Language in LMP is invalid.
Line 66: The property name Mute in LMP is invalid.
Line 67: The property name PlayCount in LMP is invalid.
Line 68: The property name PreviewMode in LMP is invalid.
Line 69: The property name Rate in LMP is invalid.
Line 70: The property name SAMILang in LMP is invalid.
Line 71: The property name SAMIStyle in LMP is invalid.
Line 72: The property name SAMIFileName in LMP is invalid.
Line 73: The property name SelectionStart in LMP is invalid.
Line 74: The property name SelectionEnd in LMP is invalid.
Line 75: The property name SendOpenStateChangeEvents in LMP is invalid.
Line 76: The property name SendWarningEvents in LMP is invalid.
Line 77: The property name SendErrorEvents in LMP is invalid.
Line 78: The property name SendKeyboardEvents in LMP is invalid.
Line 79: The property name SendMouseClickEvents in LMP is invalid.
Line 80: The property name SendMouseMoveEvents in LMP is invalid.
Line 81: The property name SendPlayStateChangeEvents in LMP is invalid.
Line 82: The property name ShowCaptioning in LMP is invalid.
Line 83: The property name ShowControls in LMP is invalid.
Line 84: The property name ShowAudioControls in LMP is invalid.
Line 85: The property name ShowDisplay in LMP is invalid.
Line 86: The property name ShowGotoBar in LMP is invalid.
Line 87: The property name ShowPositionControls in LMP is invalid.
Line 88: The property name ShowStatusBar in LMP is invalid.
Line 89: The property name ShowTracker in LMP is invalid.
Line 90: The property name TransparentAtStart in LMP is invalid.
Line 91: The property name VideoBorderWidth in LMP is invalid.
Line 92: The property name VideoBorderColor in LMP is invalid.
Line 93: The property name VideoBorder3D in LMP is invalid.
Line 94: The property name Volume in LMP is invalid.
Line 95: The property name WindowlessVideo in LMP is invalid.
